<?xml version='1.0' encoding='UTF-8' ?>
<testsuite name="com.example.traderapp.MyFirebaseInstrumentedTest" tests="1" failures="0" errors="0" skipped="0" time="0.734" timestamp="2025-03-19T10:34:47" hostname="localhost">
  <properties>
    <property name="device" value="Medium_Phone_API_35(AVD) - 15" />
    <property name="flavor" value="" />
    <property name="project" value=":app" />
  </properties>
  <testcase name="testFirebaseAuthenticationAndFirestore" classname="com.example.traderapp.MyFirebaseInstrumentedTest" time="0.438" />
</testsuite>